[debug] [2020-10-04T07:57:28.107Z] ----------------------------------------------------------------------
[debug] [2020-10-04T07:57:28.110Z] Command:       C:\Program Files\nodejs\node.exe D:\TempProjects\cloud\225-github-actions-demo\node_modules\firebase-tools\lib\bin\firebase.js deploy --token $FIREBASE_TOKEN --only hosting
[debug] [2020-10-04T07:57:28.111Z] CLI Version:   7.14.0
[debug] [2020-10-04T07:57:28.111Z] Platform:      win32
[debug] [2020-10-04T07:57:28.111Z] Node Version:  v14.2.0
[debug] [2020-10-04T07:57:28.113Z] Time:          Sun Oct 04 2020 13:27:28 GMT+0530 (India Standard Time)
[debug] [2020-10-04T07:57:28.113Z] ----------------------------------------------------------------------
[debug] [2020-10-04T07:57:28.113Z] 
[debug] [2020-10-04T07:57:28.138Z] > command requires scopes: ["email","openid","https://www.googleapis.com/auth/cloudplatformprojects.readonly","https://www.googleapis.com/auth/firebase","https://www.googleapis.com/auth/cloud-platform"]
[debug] [2020-10-04T07:57:28.139Z] > authorizing via --token option
[debug] [2020-10-04T07:57:28.140Z] [iam] checking project fireship-lessons for permissions ["firebase.projects.get","firebasehosting.sites.update"]
[debug] [2020-10-04T07:57:28.142Z] > refreshing access token with scopes: ["email","openid","https://www.googleapis.com/auth/cloudplatformprojects.readonly","https://www.googleapis.com/auth/firebase","https://www.googleapis.com/auth/cloud-platform"]
[debug] [2020-10-04T07:57:28.143Z] >>> HTTP REQUEST POST https://www.googleapis.com/oauth2/v3/token  
 <request body omitted>
[debug] [2020-10-04T07:57:28.370Z] <<< HTTP RESPONSE 400
[debug] [2020-10-04T07:57:28.373Z] >>> HTTP REQUEST POST https://cloudresourcemanager.googleapis.com/v1/projects/fireship-lessons:testIamPermissions  

[debug] [2020-10-04T07:57:29.932Z] <<< HTTP RESPONSE 401
[debug] [2020-10-04T07:57:29.932Z] <<< HTTP RESPONSE BODY
[debug] [2020-10-04T07:57:29.935Z] [iam] error while checking permissions, command may fail: FirebaseError: HTTP Error: 401, Request had invalid authentication credentials. Expected OAuth 2 access token, login cookie or other valid authentication credential. See https://developers.google.com/identity/sign-in/web/devconsole-project.
[debug] [2020-10-04T07:57:29.937Z] > refreshing access token with scopes: ["email","openid","https://www.googleapis.com/auth/cloudplatformprojects.readonly","https://www.googleapis.com/auth/firebase","https://www.googleapis.com/auth/cloud-platform"]
[debug] [2020-10-04T07:57:29.937Z] >>> HTTP REQUEST POST https://www.googleapis.com/oauth2/v3/token  
 <request body omitted>
[debug] [2020-10-04T07:57:30.147Z] <<< HTTP RESPONSE 400
[debug] [2020-10-04T07:57:30.147Z] >>> HTTP REQUEST GET https://firebase.googleapis.com/v1beta1/projects/fireship-lessons  
 
[debug] [2020-10-04T07:57:30.347Z] <<< HTTP RESPONSE 401
[debug] [2020-10-04T07:57:30.347Z] <<< HTTP RESPONSE BODY
[debug] [2020-10-04T07:57:30.348Z] HTTP Error: 401, Request had invalid authentication credentials. Expected OAuth 2 access token, login cookie or other valid authentication credential. See https://developers.google.com/identity/sign-in/web/devconsole-project.
[debug] [2020-10-04T07:57:30.586Z] FirebaseError: HTTP Error: 401, Request had invalid authentication credentials. Expected OAuth 2 access token, login cookie or other valid authentication credential. See https://developers.google.com/identity/sign-in/web/devconsole-project.
    at module.exports (D:\TempProjects\cloud\225-github-actions-demo\node_modules\firebase-tools\lib\responseToError.js:38:12)
    at Request._callback (D:\TempProjects\cloud\225-github-actions-demo\node_modules\firebase-tools\lib\api.js:39:35)
    at Request.self.callback (D:\TempProjects\cloud\225-github-actions-demo\node_modules\request\request.js:185:22)
    at Request.emit (events.js:315:20)
    at Request.EventEmitter.emit (domain.js:485:12)
    at Request.<anonymous> (D:\TempProjects\cloud\225-github-actions-demo\node_modules\request\request.js:1154:10)
    at Request.emit (events.js:315:20)
    at Request.EventEmitter.emit (domain.js:485:12)
    at IncomingMessage.<anonymous> (D:\TempProjects\cloud\225-github-actions-demo\node_modules\request\request.js:1076:12)
    at Object.onceWrapper (events.js:421:28)
    at IncomingMessage.emit (events.js:327:22)
    at IncomingMessage.EventEmitter.emit (domain.js:485:12)
    at endReadableNT (_stream_readable.js:1225:12)
    at processTicksAndRejections (internal/process/task_queues.js:84:21)
[error] 
[error] Error: Failed to get Firebase project fireship-lessons. Please make sure the project exists and your account has permission to access it.
